<?xml version="1.0" encoding="UTF-8"?>
<testsuite xmlns:xsi="http://www.w3.org/2001/XMLSchema-instance" xsi:noNamespaceSchemaLocation="https://maven.apache.org/surefire/maven-surefire-plugin/xsd/surefire-test-report-3.0.xsd" version="3.0" name="com.google.BigIntUUIDTest" time="0.016" tests="8" errors="0" skipped="0" failures="0">
  <properties>
    <property name="java.specification.version" value="20"/>
    <property name="sun.jnu.encoding" value="UTF-8"/>
    <property name="java.class.path" value="/Users/karthit/code/gcp/ossrelease/spanner-data-validator/spanner-data-validator-java/target/test-classes:/Users/karthit/code/gcp/ossrelease/spanner-data-validator/spanner-data-validator-java/target/classes:/Users/karthit/.m2/repository/org/apache/beam/beam-sdks-java-core/2.51.0/beam-sdks-java-core-2.51.0.jar:/Users/karthit/.m2/repository/org/apache/beam/beam-model-pipeline/2.51.0/beam-model-pipeline-2.51.0.jar:/Users/karthit/.m2/repository/org/apache/beam/beam-model-job-management/2.51.0/beam-model-job-management-2.51.0.jar:/Users/karthit/.m2/repository/org/apache/beam/beam-vendor-grpc-1_54_0/0.1/beam-vendor-grpc-1_54_0-0.1.jar:/Users/karthit/.m2/repository/org/apache/beam/beam-vendor-guava-32_1_2-jre/0.1/beam-vendor-guava-32_1_2-jre-0.1.jar:/Users/karthit/.m2/repository/net/bytebuddy/byte-buddy/1.12.14/byte-buddy-1.12.14.jar:/Users/karthit/.m2/repository/com/google/code/findbugs/jsr305/3.0.2/jsr305-3.0.2.jar:/Users/karthit/.m2/repository/com/google/errorprone/error_prone_annotations/2.10.0/error_prone_annotations-2.10.0.jar:/Users/karthit/.m2/repository/com/fasterxml/jackson/core/jackson-core/2.14.1/jackson-core-2.14.1.jar:/Users/karthit/.m2/repository/com/fasterxml/jackson/core/jackson-annotations/2.14.1/jackson-annotations-2.14.1.jar:/Users/karthit/.m2/repository/com/fasterxml/jackson/core/jackson-databind/2.14.1/jackson-databind-2.14.1.jar:/Users/karthit/.m2/repository/org/apache/avro/avro/1.8.2/avro-1.8.2.jar:/Users/karthit/.m2/repository/org/codehaus/jackson/jackson-core-asl/1.9.13/jackson-core-asl-1.9.13.jar:/Users/karthit/.m2/repository/org/codehaus/jackson/jackson-mapper-asl/1.9.13/jackson-mapper-asl-1.9.13.jar:/Users/karthit/.m2/repository/com/thoughtworks/paranamer/paranamer/2.7/paranamer-2.7.jar:/Users/karthit/.m2/repository/org/apache/commons/commons-compress/1.8.1/commons-compress-1.8.1.jar:/Users/karthit/.m2/repository/org/tukaani/xz/1.5/xz-1.5.jar:/Users/karthit/.m2/repository/org/xerial/snappy/snappy-java/1.1.10.3/snappy-java-1.1.10.3.jar:/Users/karthit/.m2/repository/org/apache/beam/beam-sdks-java-io-google-cloud-platform/2.51.0/beam-sdks-java-io-google-cloud-platform-2.51.0.jar:/Users/karthit/.m2/repository/org/checkerframework/checker-qual/3.27.0/checker-qual-3.27.0.jar:/Users/karthit/.m2/repository/org/apache/beam/beam-runners-core-java/2.51.0/beam-runners-core-java-2.51.0.jar:/Users/karthit/.m2/repository/org/apache/beam/beam-sdks-java-fn-execution/2.51.0/beam-sdks-java-fn-execution-2.51.0.jar:/Users/karthit/.m2/repository/org/apache/beam/beam-sdks-java-harness/2.51.0/beam-sdks-java-harness-2.51.0.jar:/Users/karthit/.m2/repository/org/apache/beam/beam-sdks-java-expansion-service/2.51.0/beam-sdks-java-expansion-service-2.51.0.jar:/Users/karthit/.m2/repository/com/fasterxml/jackson/dataformat/jackson-dataformat-yaml/2.14.1/jackson-dataformat-yaml-2.14.1.jar:/Users/karthit/.m2/repository/org/yaml/snakeyaml/1.33/snakeyaml-1.33.jar:/Users/karthit/.m2/repository/org/apache/beam/beam-sdks-java-extensions-avro/2.51.0/beam-sdks-java-extensions-avro-2.51.0.jar:/Users/karthit/.m2/repository/org/apache/beam/beam-sdks-java-extensions-google-cloud-platform-core/2.51.0/beam-sdks-java-extensions-google-cloud-platform-core-2.51.0.jar:/Users/karthit/.m2/repository/com/google/cloud/bigdataoss/gcsio/2.2.16/gcsio-2.2.16.jar:/Users/karthit/.m2/repository/com/google/cloud/google-cloud-storage/2.29.0/google-cloud-storage-2.29.0.jar:/Users/karthit/.m2/repository/com/google/cloud/google-cloud-core-http/2.26.0/google-cloud-core-http-2.26.0.jar:/Users/karthit/.m2/repository/com/google/http-client/google-http-client-appengine/1.43.3/google-http-client-appengine-1.43.3.jar:/Users/karthit/.m2/repository/com/google/api/grpc/proto-google-cloud-storage-v2/2.29.0-alpha/proto-google-cloud-storage-v2-2.29.0-alpha.jar:/Users/karthit/.m2/repository/com/google/api/grpc/gapic-google-cloud-storage-v2/2.29.0-alpha/gapic-google-cloud-storage-v2-2.29.0-alpha.jar:/Users/karthit/.m2/repository/com/google/api/grpc/grpc-google-cloud-storage-v2/2.29.0-alpha/grpc-google-cloud-storage-v2-2.29.0-alpha.jar:/Users/karthit/.m2/repository/io/opencensus/opencensus-impl/0.31.0/opencensus-impl-0.31.0.jar:/Users/karthit/.m2/repository/io/opencensus/opencensus-impl-core/0.31.0/opencensus-impl-core-0.31.0.jar:/Users/karthit/.m2/repository/io/opencensus/opencensus-exporter-stats-stackdriver/0.31.0/opencensus-exporter-stats-stackdriver-0.31.0.jar:/Users/karthit/.m2/repository/io/opencensus/opencensus-contrib-exemplar-util/0.31.0/opencensus-contrib-exemplar-util-0.31.0.jar:/Users/karthit/.m2/repository/io/opencensus/opencensus-contrib-resource-util/0.31.0/opencensus-contrib-resource-util-0.31.0.jar:/Users/karthit/.m2/repository/io/opencensus/opencensus-exporter-metrics-util/0.31.0/opencensus-exporter-metrics-util-0.31.0.jar:/Users/karthit/.m2/repository/com/google/apis/google-api-services-cloudresourcemanager/v1-rev20230129-2.0.0/google-api-services-cloudresourcemanager-v1-rev20230129-2.0.0.jar:/Users/karthit/.m2/repository/org/apache/beam/beam-sdks-java-extensions-protobuf/2.51.0/beam-sdks-java-extensions-protobuf-2.51.0.jar:/Users/karthit/.m2/repository/org/apache/beam/beam-runners-core-construction-java/2.51.0/beam-runners-core-construction-java-2.51.0.jar:/Users/karthit/.m2/repository/io/github/classgraph/classgraph/4.8.162/classgraph-4.8.162.jar:/Users/karthit/.m2/repository/org/apache/beam/beam-sdks-java-extensions-arrow/2.51.0/beam-sdks-java-extensions-arrow-2.51.0.jar:/Users/karthit/.m2/repository/com/google/cloud/bigdataoss/util/2.2.16/util-2.2.16.jar:/Users/karthit/.m2/repository/com/google/api-client/google-api-client-jackson2/2.2.0/google-api-client-jackson2-2.2.0.jar:/Users/karthit/.m2/repository/com/google/apis/google-api-services-iamcredentials/v1-rev20211203-2.0.0/google-api-services-iamcredentials-v1-rev20211203-2.0.0.jar:/Users/karthit/.m2/repository/com/google/flogger/google-extensions/0.7.1/google-extensions-0.7.1.jar:/Users/karthit/.m2/repository/com/google/flogger/flogger-system-backend/0.7.3/flogger-system-backend-0.7.3.jar:/Users/karthit/.m2/repository/com/google/flogger/flogger/0.7.3/flogger-0.7.3.jar:/Users/karthit/.m2/repository/org/checkerframework/checker-compat-qual/2.5.3/checker-compat-qual-2.5.3.jar:/Users/karthit/.m2/repository/com/google/api/gax/2.36.0/gax-2.36.0.jar:/Users/karthit/.m2/repository/com/google/api/gax-grpc/2.36.0/gax-grpc-2.36.0.jar:/Users/karthit/.m2/repository/com/google/api/gax-grpc/2.36.0/gax-grpc-2.36.0-testlib.jar:/Users/karthit/.m2/repository/com/google/api/gax-httpjson/2.36.0/gax-httpjson-2.36.0.jar:/Users/karthit/.m2/repository/com/google/api/api-common/2.19.0/api-common-2.19.0.jar:/Users/karthit/.m2/repository/com/google/apis/google-api-services-healthcare/v1-rev20230830-2.0.0/google-api-services-healthcare-v1-rev20230830-2.0.0.jar:/Users/karthit/.m2/repository/com/google/apis/google-api-services-storage/v1-rev20230617-2.0.0/google-api-services-storage-v1-rev20230617-2.0.0.jar:/Users/karthit/.m2/repository/com/google/auth/google-auth-library-credentials/1.20.0/google-auth-library-credentials-1.20.0.jar:/Users/karthit/.m2/repository/com/google/auth/google-auth-library-oauth2-http/1.20.0/google-auth-library-oauth2-http-1.20.0.jar:/Users/karthit/.m2/repository/com/google/cloud/google-cloud-bigquerystorage/2.44.1/google-cloud-bigquerystorage-2.44.1.jar:/Users/karthit/.m2/repository/com/google/auto/value/auto-value/1.10.4/auto-value-1.10.4.jar:/Users/karthit/.m2/repository/com/google/api/grpc/proto-google-cloud-bigquerystorage-v1beta1/0.168.1/proto-google-cloud-bigquerystorage-v1beta1-0.168.1.jar:/Users/karthit/.m2/repository/com/google/api/grpc/proto-google-cloud-bigquerystorage-v1beta2/0.168.1/proto-google-cloud-bigquerystorage-v1beta2-0.168.1.jar:/Users/karthit/.m2/repository/org/json/json/20231013/json-20231013.jar:/Users/karthit/.m2/repository/com/google/api/grpc/grpc-google-cloud-bigquerystorage-v1beta1/0.168.1/grpc-google-cloud-bigquerystorage-v1beta1-0.168.1.jar:/Users/karthit/.m2/repository/com/google/api/grpc/grpc-google-cloud-bigquerystorage-v1beta2/0.168.1/grpc-google-cloud-bigquerystorage-v1beta2-0.168.1.jar:/Users/karthit/.m2/repository/com/google/api/grpc/grpc-google-cloud-bigquerystorage-v1/2.44.1/grpc-google-cloud-bigquerystorage-v1-2.44.1.jar:/Users/karthit/.m2/repository/com/google/cloud/bigtable/bigtable-client-core-config/1.28.0/bigtable-client-core-config-1.28.0.jar:/Users/karthit/.m2/repository/com/google/cloud/google-cloud-bigtable/2.29.0/google-cloud-bigtable-2.29.0.jar:/Users/karthit/.m2/repository/com/google/cloud/google-cloud-bigtable-stats/2.29.0/google-cloud-bigtable-stats-2.29.0.jar:/Users/karthit/.m2/repository/com/lmax/disruptor/3.4.2/disruptor-3.4.2.jar:/Users/karthit/.m2/repository/com/google/api/grpc/grpc-google-cloud-bigtable-v2/2.29.0/grpc-google-cloud-bigtable-v2-2.29.0.jar:/Users/karthit/.m2/repository/com/google/api/grpc/proto-google-cloud-bigtable-admin-v2/2.29.0/proto-google-cloud-bigtable-admin-v2-2.29.0.jar:/Users/karthit/.m2/repository/com/google/cloud/google-cloud-monitoring/3.30.0/google-cloud-monitoring-3.30.0.jar:/Users/karthit/.m2/repository/com/google/api/grpc/proto-google-cloud-monitoring-v3/3.30.0/proto-google-cloud-monitoring-v3-3.30.0.jar:/Users/karthit/.m2/repository/com/google/cloud/google-cloud-core/2.26.0/google-cloud-core-2.26.0.jar:/Users/karthit/.m2/repository/com/google/cloud/google-cloud-core-grpc/2.26.0/google-cloud-core-grpc-2.26.0.jar:/Users/karthit/.m2/repository/com/google/cloud/datastore/datastore-v1-proto-client/2.16.3/datastore-v1-proto-client-2.16.3.jar:/Users/karthit/.m2/repository/com/google/http-client/google-http-client-protobuf/1.43.3/google-http-client-protobuf-1.43.3.jar:/Users/karthit/.m2/repository/com/google/cloud/google-cloud-firestore/3.15.2/google-cloud-firestore-3.15.2.jar:/Users/karthit/.m2/repository/com/google/cloud/proto-google-cloud-firestore-bundle-v1/3.15.2/proto-google-cloud-firestore-bundle-v1-3.15.2.jar:/Users/karthit/.m2/repository/com/google/cloud/google-cloud-pubsublite/1.12.17/google-cloud-pubsublite-1.12.17.jar:/Users/karthit/.m2/repository/com/google/cloud/google-cloud-pubsub/1.125.8/google-cloud-pubsub-1.125.8.jar:/Users/karthit/.m2/repository/com/google/http-client/google-http-client-jackson2/1.43.3/google-http-client-jackson2-1.43.3.jar:/Users/karthit/.m2/repository/com/google/oauth-client/google-oauth-client/1.34.1/google-oauth-client-1.34.1.jar:/Users/karthit/.m2/repository/io/grpc/grpc-alts/1.58.0/grpc-alts-1.58.0.jar:/Users/karthit/.m2/repository/io/grpc/grpc-api/1.58.0/grpc-api-1.58.0.jar:/Users/karthit/.m2/repository/io/grpc/grpc-auth/1.58.0/grpc-auth-1.58.0.jar:/Users/karthit/.m2/repository/io/grpc/grpc-core/1.58.0/grpc-core-1.58.0.jar:/Users/karthit/.m2/repository/io/grpc/grpc-census/1.58.0/grpc-census-1.58.0.jar:/Users/karthit/.m2/repository/io/opencensus/opencensus-contrib-grpc-metrics/0.31.1/opencensus-contrib-grpc-metrics-0.31.1.jar:/Users/karthit/.m2/repository/io/grpc/grpc-context/1.58.0/grpc-context-1.58.0.jar:/Users/karthit/.m2/repository/io/grpc/grpc-grpclb/1.58.0/grpc-grpclb-1.58.0.jar:/Users/karthit/.m2/repository/io/grpc/grpc-netty/1.58.0/grpc-netty-1.58.0.jar:/Users/karthit/.m2/repository/io/netty/netty-codec-http2/4.1.93.Final/netty-codec-http2-4.1.93.Final.jar:/Users/karthit/.m2/repository/io/netty/netty-codec-http/4.1.93.Final/netty-codec-http-4.1.93.Final.jar:/Users/karthit/.m2/repository/io/netty/netty-handler-proxy/4.1.93.Final/netty-handler-proxy-4.1.93.Final.jar:/Users/karthit/.m2/repository/io/netty/netty-codec-socks/4.1.93.Final/netty-codec-socks-4.1.93.Final.jar:/Users/karthit/.m2/repository/io/netty/netty-transport-native-unix-common/4.1.93.Final/netty-transport-native-unix-common-4.1.93.Final.jar:/Users/karthit/.m2/repository/io/grpc/grpc-netty-shaded/1.58.0/grpc-netty-shaded-1.58.0.jar:/Users/karthit/.m2/repository/io/grpc/grpc-protobuf/1.58.0/grpc-protobuf-1.58.0.jar:/Users/karthit/.m2/repository/io/grpc/grpc-stub/1.58.0/grpc-stub-1.58.0.jar:/Users/karthit/.m2/repository/io/grpc/grpc-xds/1.58.0/grpc-xds-1.58.0.jar:/Users/karthit/.m2/repository/com/google/api/grpc/grpc-google-cloud-pubsub-v1/1.107.8/grpc-google-cloud-pubsub-v1-1.107.8.jar:/Users/karthit/.m2/repository/com/google/api/grpc/grpc-google-cloud-pubsublite-v1/1.12.17/grpc-google-cloud-pubsublite-v1-1.12.17.jar:/Users/karthit/.m2/repository/com/google/guava/guava/32.1.2-jre/guava-32.1.2-jre.jar:/Users/karthit/.m2/repository/org/apache/httpcomponents/httpclient/4.5.13/httpclient-4.5.13.jar:/Users/karthit/.m2/repository/org/apache/httpcomponents/httpcore/4.4.14/httpcore-4.4.14.jar:/Users/karthit/.m2/repository/com/fasterxml/jackson/datatype/jackson-datatype-joda/2.14.1/jackson-datatype-joda-2.14.1.jar:/Users/karthit/.m2/repository/com/fasterxml/jackson/datatype/jackson-datatype-jsr310/2.14.1/jackson-datatype-jsr310-2.14.1.jar:/Users/karthit/.m2/repository/io/netty/netty-handler/4.1.87.Final/netty-handler-4.1.87.Final.jar:/Users/karthit/.m2/repository/io/netty/netty-common/4.1.87.Final/netty-common-4.1.87.Final.jar:/Users/karthit/.m2/repository/io/netty/netty-resolver/4.1.87.Final/netty-resolver-4.1.87.Final.jar:/Users/karthit/.m2/repository/io/netty/netty-buffer/4.1.87.Final/netty-buffer-4.1.87.Final.jar:/Users/karthit/.m2/repository/io/netty/netty-transport/4.1.87.Final/netty-transport-4.1.87.Final.jar:/Users/karthit/.m2/repository/io/netty/netty-codec/4.1.87.Final/netty-codec-4.1.87.Final.jar:/Users/karthit/.m2/repository/io/netty/netty-tcnative-boringssl-static/2.0.52.Final/netty-tcnative-boringssl-static-2.0.52.Final.jar:/Users/karthit/.m2/repository/io/netty/netty-tcnative-classes/2.0.52.Final/netty-tcnative-classes-2.0.52.Final.jar:/Users/karthit/.m2/repository/io/netty/netty-tcnative-boringssl-static/2.0.52.Final/netty-tcnative-boringssl-static-2.0.52.Final-linux-x86_64.jar:/Users/karthit/.m2/repository/io/netty/netty-tcnative-boringssl-static/2.0.52.Final/netty-tcnative-boringssl-static-2.0.52.Final-linux-aarch_64.jar:/Users/karthit/.m2/repository/io/netty/netty-tcnative-boringssl-static/2.0.52.Final/netty-tcnative-boringssl-static-2.0.52.Final-osx-x86_64.jar:/Users/karthit/.m2/repository/io/netty/netty-tcnative-boringssl-static/2.0.52.Final/netty-tcnative-boringssl-static-2.0.52.Final-osx-aarch_64.jar:/Users/karthit/.m2/repository/io/netty/netty-tcnative-boringssl-static/2.0.52.Final/netty-tcnative-boringssl-static-2.0.52.Final-windows-x86_64.jar:/Users/karthit/.m2/repository/com/google/api/grpc/proto-google-cloud-bigquerystorage-v1/2.44.1/proto-google-cloud-bigquerystorage-v1-2.44.1.jar:/Users/karthit/.m2/repository/com/google/api/grpc/proto-google-cloud-bigtable-v2/2.29.0/proto-google-cloud-bigtable-v2-2.29.0.jar:/Users/karthit/.m2/repository/com/google/api/grpc/proto-google-cloud-datastore-v1/0.108.4/proto-google-cloud-datastore-v1-0.108.4.jar:/Users/karthit/.m2/repository/com/google/api/grpc/proto-google-cloud-firestore-v1/3.15.2/proto-google-cloud-firestore-v1-3.15.2.jar:/Users/karthit/.m2/repository/com/google/api/grpc/proto-google-cloud-pubsub-v1/1.107.8/proto-google-cloud-pubsub-v1-1.107.8.jar:/Users/karthit/.m2/repository/com/google/api/grpc/proto-google-cloud-pubsublite-v1/1.12.17/proto-google-cloud-pubsublite-v1-1.12.17.jar:/Users/karthit/.m2/repository/com/google/api/grpc/proto-google-cloud-spanner-admin-database-v1/6.52.1/proto-google-cloud-spanner-admin-database-v1-6.52.1.jar:/Users/karthit/.m2/repository/com/google/api/grpc/proto-google-cloud-spanner-v1/6.52.1/proto-google-cloud-spanner-v1-6.52.1.jar:/Users/karthit/.m2/repository/com/google/api/grpc/proto-google-common-protos/2.27.0/proto-google-common-protos-2.27.0.jar:/Users/karthit/.m2/repository/com/google/protobuf/protobuf-java/3.24.4/protobuf-java-3.24.4.jar:/Users/karthit/.m2/repository/com/google/protobuf/protobuf-java-util/3.24.4/protobuf-java-util-3.24.4.jar:/Users/karthit/.m2/repository/org/apache/arrow/arrow-memory-core/5.0.0/arrow-memory-core-5.0.0.jar:/Users/karthit/.m2/repository/org/apache/arrow/arrow-vector/5.0.0/arrow-vector-5.0.0.jar:/Users/karthit/.m2/repository/org/apache/arrow/arrow-format/5.0.0/arrow-format-5.0.0.jar:/Users/karthit/.m2/repository/com/google/flatbuffers/flatbuffers-java/1.12.0/flatbuffers-java-1.12.0.jar:/Users/karthit/.m2/repository/com/google/http-client/google-http-client-gson/1.43.3/google-http-client-gson-1.43.3.jar:/Users/karthit/.m2/repository/org/threeten/threetenbp/1.4.4/threetenbp-1.4.4.jar:/Users/karthit/.m2/repository/com/google/code/gson/gson/2.10.1/gson-2.10.1.jar:/Users/karthit/.m2/repository/org/apache/beam/beam-sdks-java-extensions-python/2.51.0/beam-sdks-java-extensions-python-2.51.0.jar:/Users/karthit/.m2/repository/org/apache/beam/beam-sdks-java-transform-service-launcher/2.51.0/beam-sdks-java-transform-service-launcher-2.51.0.jar:/Users/karthit/.m2/repository/args4j/args4j/2.33/args4j-2.33.jar:/Users/karthit/.m2/repository/org/apache/beam/beam-sdks-java-io-kafka/2.51.0/beam-sdks-java-io-kafka-2.51.0.jar:/Users/karthit/.m2/repository/org/springframework/spring-expression/5.3.27/spring-expression-5.3.27.jar:/Users/karthit/.m2/repository/org/springframework/spring-core/5.3.27/spring-core-5.3.27.jar:/Users/karthit/.m2/repository/org/springframework/spring-jcl/5.3.27/spring-jcl-5.3.27.jar:/Users/karthit/.m2/repository/io/confluent/kafka-avro-serializer/5.3.2/kafka-avro-serializer-5.3.2.jar:/Users/karthit/.m2/repository/io/confluent/common-config/5.3.2/common-config-5.3.2.jar:/Users/karthit/.m2/repository/io/confluent/common-utils/5.3.2/common-utils-5.3.2.jar:/Users/karthit/.m2/repository/com/101tec/zkclient/0.10/zkclient-0.10.jar:/Users/karthit/.m2/repository/io/confluent/kafka-schema-registry-client/5.3.2/kafka-schema-registry-client-5.3.2.jar:/Users/karthit/.m2/repository/org/postgresql/postgresql/42.7.1/postgresql-42.7.1.jar:/Users/karthit/.m2/repository/com/mysql/mysql-connector-j/8.0.33/mysql-connector-j-8.0.33.jar:/Users/karthit/.m2/repository/org/apache/beam/beam-sdks-java-io-jdbc/2.51.0/beam-sdks-java-io-jdbc-2.51.0.jar:/Users/karthit/.m2/repository/org/apache/commons/commons-dbcp2/2.9.0/commons-dbcp2-2.9.0.jar:/Users/karthit/.m2/repository/org/apache/commons/commons-pool2/2.11.1/commons-pool2-2.11.1.jar:/Users/karthit/.m2/repository/com/google/cloud/google-cloud-spanner/6.52.1/google-cloud-spanner-6.52.1.jar:/Users/karthit/.m2/repository/com/google/cloud/grpc-gcp/1.4.1/grpc-gcp-1.4.1.jar:/Users/karthit/.m2/repository/io/grpc/grpc-inprocess/1.58.0/grpc-inprocess-1.58.0.jar:/Users/karthit/.m2/repository/com/google/android/annotations/4.1.1.4/annotations-4.1.1.4.jar:/Users/karthit/.m2/repository/org/codehaus/mojo/animal-sniffer-annotations/1.23/animal-sniffer-annotations-1.23.jar:/Users/karthit/.m2/repository/io/perfmark/perfmark-api/0.26.0/perfmark-api-0.26.0.jar:/Users/karthit/.m2/repository/io/grpc/grpc-util/1.58.0/grpc-util-1.58.0.jar:/Users/karthit/.m2/repository/io/grpc/grpc-protobuf-lite/1.58.0/grpc-protobuf-lite-1.58.0.jar:/Users/karthit/.m2/repository/com/google/auto/value/auto-value-annotations/1.10.4/auto-value-annotations-1.10.4.jar:/Users/karthit/.m2/repository/com/google/j2objc/j2objc-annotations/2.8/j2objc-annotations-2.8.jar:/Users/karthit/.m2/repository/com/google/api/grpc/grpc-google-common-protos/2.27.0/grpc-google-common-protos-2.27.0.jar:/Users/karthit/.m2/repository/com/google/guava/failureaccess/1.0.1/failureaccess-1.0.1.jar:/Users/karthit/.m2/repository/com/google/guava/listenablefuture/9999.0-empty-to-avoid-conflict-with-guava/listenablefuture-9999.0-empty-to-avoid-conflict-with-guava.jar:/Users/karthit/.m2/repository/com/google/api/grpc/proto-google-iam-v1/1.22.0/proto-google-iam-v1-1.22.0.jar:/Users/karthit/.m2/repository/io/opencensus/opencensus-api/0.31.1/opencensus-api-0.31.1.jar:/Users/karthit/.m2/repository/io/opencensus/opencensus-contrib-grpc-util/0.31.1/opencensus-contrib-grpc-util-0.31.1.jar:/Users/karthit/.m2/repository/commons-logging/commons-logging/1.2/commons-logging-1.2.jar:/Users/karthit/.m2/repository/commons-codec/commons-codec/1.16.0/commons-codec-1.16.0.jar:/Users/karthit/.m2/repository/io/opencensus/opencensus-contrib-http-util/0.31.1/opencensus-contrib-http-util-0.31.1.jar:/Users/karthit/.m2/repository/com/google/api/grpc/proto-google-cloud-spanner-admin-instance-v1/6.52.1/proto-google-cloud-spanner-admin-instance-v1-6.52.1.jar:/Users/karthit/.m2/repository/com/google/api/grpc/grpc-google-cloud-spanner-admin-instance-v1/6.52.1/grpc-google-cloud-spanner-admin-instance-v1-6.52.1.jar:/Users/karthit/.m2/repository/com/google/api/grpc/grpc-google-cloud-spanner-v1/6.52.1/grpc-google-cloud-spanner-v1-6.52.1.jar:/Users/karthit/.m2/repository/com/google/api/grpc/grpc-google-cloud-spanner-admin-database-v1/6.52.1/grpc-google-cloud-spanner-admin-database-v1-6.52.1.jar:/Users/karthit/.m2/repository/org/conscrypt/conscrypt-openjdk-uber/2.5.2/conscrypt-openjdk-uber-2.5.2.jar:/Users/karthit/.m2/repository/io/grpc/grpc-googleapis/1.58.0/grpc-googleapis-1.58.0.jar:/Users/karthit/.m2/repository/io/opencensus/opencensus-proto/0.2.0/opencensus-proto-0.2.0.jar:/Users/karthit/.m2/repository/io/grpc/grpc-services/1.58.0/grpc-services-1.58.0.jar:/Users/karthit/.m2/repository/com/google/re2j/re2j/1.7/re2j-1.7.jar:/Users/karthit/.m2/repository/io/grpc/grpc-rls/1.58.0/grpc-rls-1.58.0.jar:/Users/karthit/.m2/repository/javax/annotation/javax.annotation-api/1.3.2/javax.annotation-api-1.3.2.jar:/Users/karthit/.m2/repository/com/google/api-client/google-api-client/2.0.0/google-api-client-2.0.0.jar:/Users/karthit/.m2/repository/com/google/http-client/google-http-client-apache-v2/1.43.3/google-http-client-apache-v2-1.43.3.jar:/Users/karthit/.m2/repository/com/google/apis/google-api-services-bigquery/v2-rev20230520-2.0.0/google-api-services-bigquery-v2-rev20230520-2.0.0.jar:/Users/karthit/.m2/repository/com/google/http-client/google-http-client/1.43.3/google-http-client-1.43.3.jar:/Users/karthit/.m2/repository/com/google/apis/google-api-services-pubsub/v1-rev20220904-2.0.0/google-api-services-pubsub-v1-rev20220904-2.0.0.jar:/Users/karthit/.m2/repository/joda-time/joda-time/2.10.10/joda-time-2.10.10.jar:/Users/karthit/.m2/repository/org/apache/kafka/kafka-clients/2.4.1/kafka-clients-2.4.1.jar:/Users/karthit/.m2/repository/com/github/luben/zstd-jni/1.4.3-1/zstd-jni-1.4.3-1.jar:/Users/karthit/.m2/repository/org/lz4/lz4-java/1.6.0/lz4-java-1.6.0.jar:/Users/karthit/.m2/repository/org/slf4j/slf4j-api/1.7.30/slf4j-api-1.7.30.jar:/Users/karthit/.m2/repository/org/slf4j/slf4j-jdk14/1.7.30/slf4j-jdk14-1.7.30.jar:/Users/karthit/.m2/repository/org/hamcrest/hamcrest-core/2.1/hamcrest-core-2.1.jar:/Users/karthit/.m2/repository/org/hamcrest/hamcrest/2.1/hamcrest-2.1.jar:/Users/karthit/.m2/repository/org/hamcrest/hamcrest-library/2.1/hamcrest-library-2.1.jar:/Users/karthit/.m2/repository/junit/junit/4.13.1/junit-4.13.1.jar:/Users/karthit/.m2/repository/org/apache/beam/beam-runners-direct-java/2.51.0/beam-runners-direct-java-2.51.0.jar:/Users/karthit/.m2/repository/org/mockito/mockito-core/3.7.7/mockito-core-3.7.7.jar:/Users/karthit/.m2/repository/net/bytebuddy/byte-buddy-agent/1.10.19/byte-buddy-agent-1.10.19.jar:/Users/karthit/.m2/repository/org/objenesis/objenesis/3.1/objenesis-3.1.jar:/Users/karthit/.m2/repository/org/apache/beam/beam-runners-portability-java/2.51.0/beam-runners-portability-java-2.51.0.jar:/Users/karthit/.m2/repository/org/apache/beam/beam-runners-java-fn-execution/2.51.0/beam-runners-java-fn-execution-2.51.0.jar:/Users/karthit/.m2/repository/org/apache/beam/beam-model-fn-execution/2.51.0/beam-model-fn-execution-2.51.0.jar:/Users/karthit/.m2/repository/org/apache/beam/beam-runners-java-job-service/2.51.0/beam-runners-java-job-service-2.51.0.jar:"/>
    <property name="java.vm.vendor" value="Homebrew"/>
    <property name="sun.arch.data.model" value="64"/>
    <property name="java.vendor.url" value="https://github.com/Homebrew/homebrew-core/issues"/>
    <property name="os.name" value="Mac OS X"/>
    <property name="java.vm.specification.version" value="20"/>
    <property name="sun.java.launcher" value="SUN_STANDARD"/>
    <property name="user.country" value="US"/>
    <property name="sun.boot.library.path" value="/opt/homebrew/Cellar/openjdk/20.0.1/libexec/openjdk.jdk/Contents/Home/lib"/>
    <property name="sun.java.command" value="/Users/karthit/code/gcp/ossrelease/spanner-data-validator/spanner-data-validator-java/target/surefire/surefirebooter856880224625702096.jar /Users/karthit/code/gcp/ossrelease/spanner-data-validator/spanner-data-validator-java/target/surefire 2024-01-09T12-49-23_681-jvmRun1 surefire105398716873810454tmp surefire_01418866720113193396tmp"/>
    <property name="http.nonProxyHosts" value="local|*.local|169.254/16|*.169.254/16"/>
    <property name="jdk.debug" value="release"/>
    <property name="surefire.test.class.path" value="/Users/karthit/code/gcp/ossrelease/spanner-data-validator/spanner-data-validator-java/target/test-classes:/Users/karthit/code/gcp/ossrelease/spanner-data-validator/spanner-data-validator-java/target/classes:/Users/karthit/.m2/repository/org/apache/beam/beam-sdks-java-core/2.51.0/beam-sdks-java-core-2.51.0.jar:/Users/karthit/.m2/repository/org/apache/beam/beam-model-pipeline/2.51.0/beam-model-pipeline-2.51.0.jar:/Users/karthit/.m2/repository/org/apache/beam/beam-model-job-management/2.51.0/beam-model-job-management-2.51.0.jar:/Users/karthit/.m2/repository/org/apache/beam/beam-vendor-grpc-1_54_0/0.1/beam-vendor-grpc-1_54_0-0.1.jar:/Users/karthit/.m2/repository/org/apache/beam/beam-vendor-guava-32_1_2-jre/0.1/beam-vendor-guava-32_1_2-jre-0.1.jar:/Users/karthit/.m2/repository/net/bytebuddy/byte-buddy/1.12.14/byte-buddy-1.12.14.jar:/Users/karthit/.m2/repository/com/google/code/findbugs/jsr305/3.0.2/jsr305-3.0.2.jar:/Users/karthit/.m2/repository/com/google/errorprone/error_prone_annotations/2.10.0/error_prone_annotations-2.10.0.jar:/Users/karthit/.m2/repository/com/fasterxml/jackson/core/jackson-core/2.14.1/jackson-core-2.14.1.jar:/Users/karthit/.m2/repository/com/fasterxml/jackson/core/jackson-annotations/2.14.1/jackson-annotations-2.14.1.jar:/Users/karthit/.m2/repository/com/fasterxml/jackson/core/jackson-databind/2.14.1/jackson-databind-2.14.1.jar:/Users/karthit/.m2/repository/org/apache/avro/avro/1.8.2/avro-1.8.2.jar:/Users/karthit/.m2/repository/org/codehaus/jackson/jackson-core-asl/1.9.13/jackson-core-asl-1.9.13.jar:/Users/karthit/.m2/repository/org/codehaus/jackson/jackson-mapper-asl/1.9.13/jackson-mapper-asl-1.9.13.jar:/Users/karthit/.m2/repository/com/thoughtworks/paranamer/paranamer/2.7/paranamer-2.7.jar:/Users/karthit/.m2/repository/org/apache/commons/commons-compress/1.8.1/commons-compress-1.8.1.jar:/Users/karthit/.m2/repository/org/tukaani/xz/1.5/xz-1.5.jar:/Users/karthit/.m2/repository/org/xerial/snappy/snappy-java/1.1.10.3/snappy-java-1.1.10.3.jar:/Users/karthit/.m2/repository/org/apache/beam/beam-sdks-java-io-google-cloud-platform/2.51.0/beam-sdks-java-io-google-cloud-platform-2.51.0.jar:/Users/karthit/.m2/repository/org/checkerframework/checker-qual/3.27.0/checker-qual-3.27.0.jar:/Users/karthit/.m2/repository/org/apache/beam/beam-runners-core-java/2.51.0/beam-runners-core-java-2.51.0.jar:/Users/karthit/.m2/repository/org/apache/beam/beam-sdks-java-fn-execution/2.51.0/beam-sdks-java-fn-execution-2.51.0.jar:/Users/karthit/.m2/repository/org/apache/beam/beam-sdks-java-harness/2.51.0/beam-sdks-java-harness-2.51.0.jar:/Users/karthit/.m2/repository/org/apache/beam/beam-sdks-java-expansion-service/2.51.0/beam-sdks-java-expansion-service-2.51.0.jar:/Users/karthit/.m2/repository/com/fasterxml/jackson/dataformat/jackson-dataformat-yaml/2.14.1/jackson-dataformat-yaml-2.14.1.jar:/Users/karthit/.m2/repository/org/yaml/snakeyaml/1.33/snakeyaml-1.33.jar:/Users/karthit/.m2/repository/org/apache/beam/beam-sdks-java-extensions-avro/2.51.0/beam-sdks-java-extensions-avro-2.51.0.jar:/Users/karthit/.m2/repository/org/apache/beam/beam-sdks-java-extensions-google-cloud-platform-core/2.51.0/beam-sdks-java-extensions-google-cloud-platform-core-2.51.0.jar:/Users/karthit/.m2/repository/com/google/cloud/bigdataoss/gcsio/2.2.16/gcsio-2.2.16.jar:/Users/karthit/.m2/repository/com/google/cloud/google-cloud-storage/2.29.0/google-cloud-storage-2.29.0.jar:/Users/karthit/.m2/repository/com/google/cloud/google-cloud-core-http/2.26.0/google-cloud-core-http-2.26.0.jar:/Users/karthit/.m2/repository/com/google/http-client/google-http-client-appengine/1.43.3/google-http-client-appengine-1.43.3.jar:/Users/karthit/.m2/repository/com/google/api/grpc/proto-google-cloud-storage-v2/2.29.0-alpha/proto-google-cloud-storage-v2-2.29.0-alpha.jar:/Users/karthit/.m2/repository/com/google/api/grpc/gapic-google-cloud-storage-v2/2.29.0-alpha/gapic-google-cloud-storage-v2-2.29.0-alpha.jar:/Users/karthit/.m2/repository/com/google/api/grpc/grpc-google-cloud-storage-v2/2.29.0-alpha/grpc-google-cloud-storage-v2-2.29.0-alpha.jar:/Users/karthit/.m2/repository/io/opencensus/opencensus-impl/0.31.0/opencensus-impl-0.31.0.jar:/Users/karthit/.m2/repository/io/opencensus/opencensus-impl-core/0.31.0/opencensus-impl-core-0.31.0.jar:/Users/karthit/.m2/repository/io/opencensus/opencensus-exporter-stats-stackdriver/0.31.0/opencensus-exporter-stats-stackdriver-0.31.0.jar:/Users/karthit/.m2/repository/io/opencensus/opencensus-contrib-exemplar-util/0.31.0/opencensus-contrib-exemplar-util-0.31.0.jar:/Users/karthit/.m2/repository/io/opencensus/opencensus-contrib-resource-util/0.31.0/opencensus-contrib-resource-util-0.31.0.jar:/Users/karthit/.m2/repository/io/opencensus/opencensus-exporter-metrics-util/0.31.0/opencensus-exporter-metrics-util-0.31.0.jar:/Users/karthit/.m2/repository/com/google/apis/google-api-services-cloudresourcemanager/v1-rev20230129-2.0.0/google-api-services-cloudresourcemanager-v1-rev20230129-2.0.0.jar:/Users/karthit/.m2/repository/org/apache/beam/beam-sdks-java-extensions-protobuf/2.51.0/beam-sdks-java-extensions-protobuf-2.51.0.jar:/Users/karthit/.m2/repository/org/apache/beam/beam-runners-core-construction-java/2.51.0/beam-runners-core-construction-java-2.51.0.jar:/Users/karthit/.m2/repository/io/github/classgraph/classgraph/4.8.162/classgraph-4.8.162.jar:/Users/karthit/.m2/repository/org/apache/beam/beam-sdks-java-extensions-arrow/2.51.0/beam-sdks-java-extensions-arrow-2.51.0.jar:/Users/karthit/.m2/repository/com/google/cloud/bigdataoss/util/2.2.16/util-2.2.16.jar:/Users/karthit/.m2/repository/com/google/api-client/google-api-client-jackson2/2.2.0/google-api-client-jackson2-2.2.0.jar:/Users/karthit/.m2/repository/com/google/apis/google-api-services-iamcredentials/v1-rev20211203-2.0.0/google-api-services-iamcredentials-v1-rev20211203-2.0.0.jar:/Users/karthit/.m2/repository/com/google/flogger/google-extensions/0.7.1/google-extensions-0.7.1.jar:/Users/karthit/.m2/repository/com/google/flogger/flogger-system-backend/0.7.3/flogger-system-backend-0.7.3.jar:/Users/karthit/.m2/repository/com/google/flogger/flogger/0.7.3/flogger-0.7.3.jar:/Users/karthit/.m2/repository/org/checkerframework/checker-compat-qual/2.5.3/checker-compat-qual-2.5.3.jar:/Users/karthit/.m2/repository/com/google/api/gax/2.36.0/gax-2.36.0.jar:/Users/karthit/.m2/repository/com/google/api/gax-grpc/2.36.0/gax-grpc-2.36.0.jar:/Users/karthit/.m2/repository/com/google/api/gax-grpc/2.36.0/gax-grpc-2.36.0-testlib.jar:/Users/karthit/.m2/repository/com/google/api/gax-httpjson/2.36.0/gax-httpjson-2.36.0.jar:/Users/karthit/.m2/repository/com/google/api/api-common/2.19.0/api-common-2.19.0.jar:/Users/karthit/.m2/repository/com/google/apis/google-api-services-healthcare/v1-rev20230830-2.0.0/google-api-services-healthcare-v1-rev20230830-2.0.0.jar:/Users/karthit/.m2/repository/com/google/apis/google-api-services-storage/v1-rev20230617-2.0.0/google-api-services-storage-v1-rev20230617-2.0.0.jar:/Users/karthit/.m2/repository/com/google/auth/google-auth-library-credentials/1.20.0/google-auth-library-credentials-1.20.0.jar:/Users/karthit/.m2/repository/com/google/auth/google-auth-library-oauth2-http/1.20.0/google-auth-library-oauth2-http-1.20.0.jar:/Users/karthit/.m2/repository/com/google/cloud/google-cloud-bigquerystorage/2.44.1/google-cloud-bigquerystorage-2.44.1.jar:/Users/karthit/.m2/repository/com/google/auto/value/auto-value/1.10.4/auto-value-1.10.4.jar:/Users/karthit/.m2/repository/com/google/api/grpc/proto-google-cloud-bigquerystorage-v1beta1/0.168.1/proto-google-cloud-bigquerystorage-v1beta1-0.168.1.jar:/Users/karthit/.m2/repository/com/google/api/grpc/proto-google-cloud-bigquerystorage-v1beta2/0.168.1/proto-google-cloud-bigquerystorage-v1beta2-0.168.1.jar:/Users/karthit/.m2/repository/org/json/json/20231013/json-20231013.jar:/Users/karthit/.m2/repository/com/google/api/grpc/grpc-google-cloud-bigquerystorage-v1beta1/0.168.1/grpc-google-cloud-bigquerystorage-v1beta1-0.168.1.jar:/Users/karthit/.m2/repository/com/google/api/grpc/grpc-google-cloud-bigquerystorage-v1beta2/0.168.1/grpc-google-cloud-bigquerystorage-v1beta2-0.168.1.jar:/Users/karthit/.m2/repository/com/google/api/grpc/grpc-google-cloud-bigquerystorage-v1/2.44.1/grpc-google-cloud-bigquerystorage-v1-2.44.1.jar:/Users/karthit/.m2/repository/com/google/cloud/bigtable/bigtable-client-core-config/1.28.0/bigtable-client-core-config-1.28.0.jar:/Users/karthit/.m2/repository/com/google/cloud/google-cloud-bigtable/2.29.0/google-cloud-bigtable-2.29.0.jar:/Users/karthit/.m2/repository/com/google/cloud/google-cloud-bigtable-stats/2.29.0/google-cloud-bigtable-stats-2.29.0.jar:/Users/karthit/.m2/repository/com/lmax/disruptor/3.4.2/disruptor-3.4.2.jar:/Users/karthit/.m2/repository/com/google/api/grpc/grpc-google-cloud-bigtable-v2/2.29.0/grpc-google-cloud-bigtable-v2-2.29.0.jar:/Users/karthit/.m2/repository/com/google/api/grpc/proto-google-cloud-bigtable-admin-v2/2.29.0/proto-google-cloud-bigtable-admin-v2-2.29.0.jar:/Users/karthit/.m2/repository/com/google/cloud/google-cloud-monitoring/3.30.0/google-cloud-monitoring-3.30.0.jar:/Users/karthit/.m2/repository/com/google/api/grpc/proto-google-cloud-monitoring-v3/3.30.0/proto-google-cloud-monitoring-v3-3.30.0.jar:/Users/karthit/.m2/repository/com/google/cloud/google-cloud-core/2.26.0/google-cloud-core-2.26.0.jar:/Users/karthit/.m2/repository/com/google/cloud/google-cloud-core-grpc/2.26.0/google-cloud-core-grpc-2.26.0.jar:/Users/karthit/.m2/repository/com/google/cloud/datastore/datastore-v1-proto-client/2.16.3/datastore-v1-proto-client-2.16.3.jar:/Users/karthit/.m2/repository/com/google/http-client/google-http-client-protobuf/1.43.3/google-http-client-protobuf-1.43.3.jar:/Users/karthit/.m2/repository/com/google/cloud/google-cloud-firestore/3.15.2/google-cloud-firestore-3.15.2.jar:/Users/karthit/.m2/repository/com/google/cloud/proto-google-cloud-firestore-bundle-v1/3.15.2/proto-google-cloud-firestore-bundle-v1-3.15.2.jar:/Users/karthit/.m2/repository/com/google/cloud/google-cloud-pubsublite/1.12.17/google-cloud-pubsublite-1.12.17.jar:/Users/karthit/.m2/repository/com/google/cloud/google-cloud-pubsub/1.125.8/google-cloud-pubsub-1.125.8.jar:/Users/karthit/.m2/repository/com/google/http-client/google-http-client-jackson2/1.43.3/google-http-client-jackson2-1.43.3.jar:/Users/karthit/.m2/repository/com/google/oauth-client/google-oauth-client/1.34.1/google-oauth-client-1.34.1.jar:/Users/karthit/.m2/repository/io/grpc/grpc-alts/1.58.0/grpc-alts-1.58.0.jar:/Users/karthit/.m2/repository/io/grpc/grpc-api/1.58.0/grpc-api-1.58.0.jar:/Users/karthit/.m2/repository/io/grpc/grpc-auth/1.58.0/grpc-auth-1.58.0.jar:/Users/karthit/.m2/repository/io/grpc/grpc-core/1.58.0/grpc-core-1.58.0.jar:/Users/karthit/.m2/repository/io/grpc/grpc-census/1.58.0/grpc-census-1.58.0.jar:/Users/karthit/.m2/repository/io/opencensus/opencensus-contrib-grpc-metrics/0.31.1/opencensus-contrib-grpc-metrics-0.31.1.jar:/Users/karthit/.m2/repository/io/grpc/grpc-context/1.58.0/grpc-context-1.58.0.jar:/Users/karthit/.m2/repository/io/grpc/grpc-grpclb/1.58.0/grpc-grpclb-1.58.0.jar:/Users/karthit/.m2/repository/io/grpc/grpc-netty/1.58.0/grpc-netty-1.58.0.jar:/Users/karthit/.m2/repository/io/netty/netty-codec-http2/4.1.93.Final/netty-codec-http2-4.1.93.Final.jar:/Users/karthit/.m2/repository/io/netty/netty-codec-http/4.1.93.Final/netty-codec-http-4.1.93.Final.jar:/Users/karthit/.m2/repository/io/netty/netty-handler-proxy/4.1.93.Final/netty-handler-proxy-4.1.93.Final.jar:/Users/karthit/.m2/repository/io/netty/netty-codec-socks/4.1.93.Final/netty-codec-socks-4.1.93.Final.jar:/Users/karthit/.m2/repository/io/netty/netty-transport-native-unix-common/4.1.93.Final/netty-transport-native-unix-common-4.1.93.Final.jar:/Users/karthit/.m2/repository/io/grpc/grpc-netty-shaded/1.58.0/grpc-netty-shaded-1.58.0.jar:/Users/karthit/.m2/repository/io/grpc/grpc-protobuf/1.58.0/grpc-protobuf-1.58.0.jar:/Users/karthit/.m2/repository/io/grpc/grpc-stub/1.58.0/grpc-stub-1.58.0.jar:/Users/karthit/.m2/repository/io/grpc/grpc-xds/1.58.0/grpc-xds-1.58.0.jar:/Users/karthit/.m2/repository/com/google/api/grpc/grpc-google-cloud-pubsub-v1/1.107.8/grpc-google-cloud-pubsub-v1-1.107.8.jar:/Users/karthit/.m2/repository/com/google/api/grpc/grpc-google-cloud-pubsublite-v1/1.12.17/grpc-google-cloud-pubsublite-v1-1.12.17.jar:/Users/karthit/.m2/repository/com/google/guava/guava/32.1.2-jre/guava-32.1.2-jre.jar:/Users/karthit/.m2/repository/org/apache/httpcomponents/httpclient/4.5.13/httpclient-4.5.13.jar:/Users/karthit/.m2/repository/org/apache/httpcomponents/httpcore/4.4.14/httpcore-4.4.14.jar:/Users/karthit/.m2/repository/com/fasterxml/jackson/datatype/jackson-datatype-joda/2.14.1/jackson-datatype-joda-2.14.1.jar:/Users/karthit/.m2/repository/com/fasterxml/jackson/datatype/jackson-datatype-jsr310/2.14.1/jackson-datatype-jsr310-2.14.1.jar:/Users/karthit/.m2/repository/io/netty/netty-handler/4.1.87.Final/netty-handler-4.1.87.Final.jar:/Users/karthit/.m2/repository/io/netty/netty-common/4.1.87.Final/netty-common-4.1.87.Final.jar:/Users/karthit/.m2/repository/io/netty/netty-resolver/4.1.87.Final/netty-resolver-4.1.87.Final.jar:/Users/karthit/.m2/repository/io/netty/netty-buffer/4.1.87.Final/netty-buffer-4.1.87.Final.jar:/Users/karthit/.m2/repository/io/netty/netty-transport/4.1.87.Final/netty-transport-4.1.87.Final.jar:/Users/karthit/.m2/repository/io/netty/netty-codec/4.1.87.Final/netty-codec-4.1.87.Final.jar:/Users/karthit/.m2/repository/io/netty/netty-tcnative-boringssl-static/2.0.52.Final/netty-tcnative-boringssl-static-2.0.52.Final.jar:/Users/karthit/.m2/repository/io/netty/netty-tcnative-classes/2.0.52.Final/netty-tcnative-classes-2.0.52.Final.jar:/Users/karthit/.m2/repository/io/netty/netty-tcnative-boringssl-static/2.0.52.Final/netty-tcnative-boringssl-static-2.0.52.Final-linux-x86_64.jar:/Users/karthit/.m2/repository/io/netty/netty-tcnative-boringssl-static/2.0.52.Final/netty-tcnative-boringssl-static-2.0.52.Final-linux-aarch_64.jar:/Users/karthit/.m2/repository/io/netty/netty-tcnative-boringssl-static/2.0.52.Final/netty-tcnative-boringssl-static-2.0.52.Final-osx-x86_64.jar:/Users/karthit/.m2/repository/io/netty/netty-tcnative-boringssl-static/2.0.52.Final/netty-tcnative-boringssl-static-2.0.52.Final-osx-aarch_64.jar:/Users/karthit/.m2/repository/io/netty/netty-tcnative-boringssl-static/2.0.52.Final/netty-tcnative-boringssl-static-2.0.52.Final-windows-x86_64.jar:/Users/karthit/.m2/repository/com/google/api/grpc/proto-google-cloud-bigquerystorage-v1/2.44.1/proto-google-cloud-bigquerystorage-v1-2.44.1.jar:/Users/karthit/.m2/repository/com/google/api/grpc/proto-google-cloud-bigtable-v2/2.29.0/proto-google-cloud-bigtable-v2-2.29.0.jar:/Users/karthit/.m2/repository/com/google/api/grpc/proto-google-cloud-datastore-v1/0.108.4/proto-google-cloud-datastore-v1-0.108.4.jar:/Users/karthit/.m2/repository/com/google/api/grpc/proto-google-cloud-firestore-v1/3.15.2/proto-google-cloud-firestore-v1-3.15.2.jar:/Users/karthit/.m2/repository/com/google/api/grpc/proto-google-cloud-pubsub-v1/1.107.8/proto-google-cloud-pubsub-v1-1.107.8.jar:/Users/karthit/.m2/repository/com/google/api/grpc/proto-google-cloud-pubsublite-v1/1.12.17/proto-google-cloud-pubsublite-v1-1.12.17.jar:/Users/karthit/.m2/repository/com/google/api/grpc/proto-google-cloud-spanner-admin-database-v1/6.52.1/proto-google-cloud-spanner-admin-database-v1-6.52.1.jar:/Users/karthit/.m2/repository/com/google/api/grpc/proto-google-cloud-spanner-v1/6.52.1/proto-google-cloud-spanner-v1-6.52.1.jar:/Users/karthit/.m2/repository/com/google/api/grpc/proto-google-common-protos/2.27.0/proto-google-common-protos-2.27.0.jar:/Users/karthit/.m2/repository/com/google/protobuf/protobuf-java/3.24.4/protobuf-java-3.24.4.jar:/Users/karthit/.m2/repository/com/google/protobuf/protobuf-java-util/3.24.4/protobuf-java-util-3.24.4.jar:/Users/karthit/.m2/repository/org/apache/arrow/arrow-memory-core/5.0.0/arrow-memory-core-5.0.0.jar:/Users/karthit/.m2/repository/org/apache/arrow/arrow-vector/5.0.0/arrow-vector-5.0.0.jar:/Users/karthit/.m2/repository/org/apache/arrow/arrow-format/5.0.0/arrow-format-5.0.0.jar:/Users/karthit/.m2/repository/com/google/flatbuffers/flatbuffers-java/1.12.0/flatbuffers-java-1.12.0.jar:/Users/karthit/.m2/repository/com/google/http-client/google-http-client-gson/1.43.3/google-http-client-gson-1.43.3.jar:/Users/karthit/.m2/repository/org/threeten/threetenbp/1.4.4/threetenbp-1.4.4.jar:/Users/karthit/.m2/repository/com/google/code/gson/gson/2.10.1/gson-2.10.1.jar:/Users/karthit/.m2/repository/org/apache/beam/beam-sdks-java-extensions-python/2.51.0/beam-sdks-java-extensions-python-2.51.0.jar:/Users/karthit/.m2/repository/org/apache/beam/beam-sdks-java-transform-service-launcher/2.51.0/beam-sdks-java-transform-service-launcher-2.51.0.jar:/Users/karthit/.m2/repository/args4j/args4j/2.33/args4j-2.33.jar:/Users/karthit/.m2/repository/org/apache/beam/beam-sdks-java-io-kafka/2.51.0/beam-sdks-java-io-kafka-2.51.0.jar:/Users/karthit/.m2/repository/org/springframework/spring-expression/5.3.27/spring-expression-5.3.27.jar:/Users/karthit/.m2/repository/org/springframework/spring-core/5.3.27/spring-core-5.3.27.jar:/Users/karthit/.m2/repository/org/springframework/spring-jcl/5.3.27/spring-jcl-5.3.27.jar:/Users/karthit/.m2/repository/io/confluent/kafka-avro-serializer/5.3.2/kafka-avro-serializer-5.3.2.jar:/Users/karthit/.m2/repository/io/confluent/common-config/5.3.2/common-config-5.3.2.jar:/Users/karthit/.m2/repository/io/confluent/common-utils/5.3.2/common-utils-5.3.2.jar:/Users/karthit/.m2/repository/com/101tec/zkclient/0.10/zkclient-0.10.jar:/Users/karthit/.m2/repository/io/confluent/kafka-schema-registry-client/5.3.2/kafka-schema-registry-client-5.3.2.jar:/Users/karthit/.m2/repository/org/postgresql/postgresql/42.7.1/postgresql-42.7.1.jar:/Users/karthit/.m2/repository/com/mysql/mysql-connector-j/8.0.33/mysql-connector-j-8.0.33.jar:/Users/karthit/.m2/repository/org/apache/beam/beam-sdks-java-io-jdbc/2.51.0/beam-sdks-java-io-jdbc-2.51.0.jar:/Users/karthit/.m2/repository/org/apache/commons/commons-dbcp2/2.9.0/commons-dbcp2-2.9.0.jar:/Users/karthit/.m2/repository/org/apache/commons/commons-pool2/2.11.1/commons-pool2-2.11.1.jar:/Users/karthit/.m2/repository/com/google/cloud/google-cloud-spanner/6.52.1/google-cloud-spanner-6.52.1.jar:/Users/karthit/.m2/repository/com/google/cloud/grpc-gcp/1.4.1/grpc-gcp-1.4.1.jar:/Users/karthit/.m2/repository/io/grpc/grpc-inprocess/1.58.0/grpc-inprocess-1.58.0.jar:/Users/karthit/.m2/repository/com/google/android/annotations/4.1.1.4/annotations-4.1.1.4.jar:/Users/karthit/.m2/repository/org/codehaus/mojo/animal-sniffer-annotations/1.23/animal-sniffer-annotations-1.23.jar:/Users/karthit/.m2/repository/io/perfmark/perfmark-api/0.26.0/perfmark-api-0.26.0.jar:/Users/karthit/.m2/repository/io/grpc/grpc-util/1.58.0/grpc-util-1.58.0.jar:/Users/karthit/.m2/repository/io/grpc/grpc-protobuf-lite/1.58.0/grpc-protobuf-lite-1.58.0.jar:/Users/karthit/.m2/repository/com/google/auto/value/auto-value-annotations/1.10.4/auto-value-annotations-1.10.4.jar:/Users/karthit/.m2/repository/com/google/j2objc/j2objc-annotations/2.8/j2objc-annotations-2.8.jar:/Users/karthit/.m2/repository/com/google/api/grpc/grpc-google-common-protos/2.27.0/grpc-google-common-protos-2.27.0.jar:/Users/karthit/.m2/repository/com/google/guava/failureaccess/1.0.1/failureaccess-1.0.1.jar:/Users/karthit/.m2/repository/com/google/guava/listenablefuture/9999.0-empty-to-avoid-conflict-with-guava/listenablefuture-9999.0-empty-to-avoid-conflict-with-guava.jar:/Users/karthit/.m2/repository/com/google/api/grpc/proto-google-iam-v1/1.22.0/proto-google-iam-v1-1.22.0.jar:/Users/karthit/.m2/repository/io/opencensus/opencensus-api/0.31.1/opencensus-api-0.31.1.jar:/Users/karthit/.m2/repository/io/opencensus/opencensus-contrib-grpc-util/0.31.1/opencensus-contrib-grpc-util-0.31.1.jar:/Users/karthit/.m2/repository/commons-logging/commons-logging/1.2/commons-logging-1.2.jar:/Users/karthit/.m2/repository/commons-codec/commons-codec/1.16.0/commons-codec-1.16.0.jar:/Users/karthit/.m2/repository/io/opencensus/opencensus-contrib-http-util/0.31.1/opencensus-contrib-http-util-0.31.1.jar:/Users/karthit/.m2/repository/com/google/api/grpc/proto-google-cloud-spanner-admin-instance-v1/6.52.1/proto-google-cloud-spanner-admin-instance-v1-6.52.1.jar:/Users/karthit/.m2/repository/com/google/api/grpc/grpc-google-cloud-spanner-admin-instance-v1/6.52.1/grpc-google-cloud-spanner-admin-instance-v1-6.52.1.jar:/Users/karthit/.m2/repository/com/google/api/grpc/grpc-google-cloud-spanner-v1/6.52.1/grpc-google-cloud-spanner-v1-6.52.1.jar:/Users/karthit/.m2/repository/com/google/api/grpc/grpc-google-cloud-spanner-admin-database-v1/6.52.1/grpc-google-cloud-spanner-admin-database-v1-6.52.1.jar:/Users/karthit/.m2/repository/org/conscrypt/conscrypt-openjdk-uber/2.5.2/conscrypt-openjdk-uber-2.5.2.jar:/Users/karthit/.m2/repository/io/grpc/grpc-googleapis/1.58.0/grpc-googleapis-1.58.0.jar:/Users/karthit/.m2/repository/io/opencensus/opencensus-proto/0.2.0/opencensus-proto-0.2.0.jar:/Users/karthit/.m2/repository/io/grpc/grpc-services/1.58.0/grpc-services-1.58.0.jar:/Users/karthit/.m2/repository/com/google/re2j/re2j/1.7/re2j-1.7.jar:/Users/karthit/.m2/repository/io/grpc/grpc-rls/1.58.0/grpc-rls-1.58.0.jar:/Users/karthit/.m2/repository/javax/annotation/javax.annotation-api/1.3.2/javax.annotation-api-1.3.2.jar:/Users/karthit/.m2/repository/com/google/api-client/google-api-client/2.0.0/google-api-client-2.0.0.jar:/Users/karthit/.m2/repository/com/google/http-client/google-http-client-apache-v2/1.43.3/google-http-client-apache-v2-1.43.3.jar:/Users/karthit/.m2/repository/com/google/apis/google-api-services-bigquery/v2-rev20230520-2.0.0/google-api-services-bigquery-v2-rev20230520-2.0.0.jar:/Users/karthit/.m2/repository/com/google/http-client/google-http-client/1.43.3/google-http-client-1.43.3.jar:/Users/karthit/.m2/repository/com/google/apis/google-api-services-pubsub/v1-rev20220904-2.0.0/google-api-services-pubsub-v1-rev20220904-2.0.0.jar:/Users/karthit/.m2/repository/joda-time/joda-time/2.10.10/joda-time-2.10.10.jar:/Users/karthit/.m2/repository/org/apache/kafka/kafka-clients/2.4.1/kafka-clients-2.4.1.jar:/Users/karthit/.m2/repository/com/github/luben/zstd-jni/1.4.3-1/zstd-jni-1.4.3-1.jar:/Users/karthit/.m2/repository/org/lz4/lz4-java/1.6.0/lz4-java-1.6.0.jar:/Users/karthit/.m2/repository/org/slf4j/slf4j-api/1.7.30/slf4j-api-1.7.30.jar:/Users/karthit/.m2/repository/org/slf4j/slf4j-jdk14/1.7.30/slf4j-jdk14-1.7.30.jar:/Users/karthit/.m2/repository/org/hamcrest/hamcrest-core/2.1/hamcrest-core-2.1.jar:/Users/karthit/.m2/repository/org/hamcrest/hamcrest/2.1/hamcrest-2.1.jar:/Users/karthit/.m2/repository/org/hamcrest/hamcrest-library/2.1/hamcrest-library-2.1.jar:/Users/karthit/.m2/repository/junit/junit/4.13.1/junit-4.13.1.jar:/Users/karthit/.m2/repository/org/apache/beam/beam-runners-direct-java/2.51.0/beam-runners-direct-java-2.51.0.jar:/Users/karthit/.m2/repository/org/mockito/mockito-core/3.7.7/mockito-core-3.7.7.jar:/Users/karthit/.m2/repository/net/bytebuddy/byte-buddy-agent/1.10.19/byte-buddy-agent-1.10.19.jar:/Users/karthit/.m2/repository/org/objenesis/objenesis/3.1/objenesis-3.1.jar:/Users/karthit/.m2/repository/org/apache/beam/beam-runners-portability-java/2.51.0/beam-runners-portability-java-2.51.0.jar:/Users/karthit/.m2/repository/org/apache/beam/beam-runners-java-fn-execution/2.51.0/beam-runners-java-fn-execution-2.51.0.jar:/Users/karthit/.m2/repository/org/apache/beam/beam-model-fn-execution/2.51.0/beam-model-fn-execution-2.51.0.jar:/Users/karthit/.m2/repository/org/apache/beam/beam-runners-java-job-service/2.51.0/beam-runners-java-job-service-2.51.0.jar:"/>
    <property name="sun.cpu.endian" value="little"/>
    <property name="user.home" value="/Users/karthit"/>
    <property name="user.language" value="en"/>
    <property name="java.specification.vendor" value="Oracle Corporation"/>
    <property name="java.version.date" value="2023-04-18"/>
    <property name="java.home" value="/opt/homebrew/Cellar/openjdk/20.0.1/libexec/openjdk.jdk/Contents/Home"/>
    <property name="file.separator" value="/"/>
    <property name="basedir" value="/Users/karthit/code/gcp/ossrelease/spanner-data-validator/spanner-data-validator-java"/>
    <property name="java.vm.compressedOopsMode" value="Zero based"/>
    <property name="line.separator" value="&#10;"/>
    <property name="java.vm.specification.vendor" value="Oracle Corporation"/>
    <property name="java.specification.name" value="Java Platform API Specification"/>
    <property name="apple.awt.application.name" value="ForkedBooter"/>
    <property name="surefire.real.class.path" value="/Users/karthit/code/gcp/ossrelease/spanner-data-validator/spanner-data-validator-java/target/surefire/surefirebooter856880224625702096.jar"/>
    <property name="sun.management.compiler" value="HotSpot 64-Bit Tiered Compilers"/>
    <property name="ftp.nonProxyHosts" value="local|*.local|169.254/16|*.169.254/16"/>
    <property name="java.runtime.version" value="20.0.1"/>
    <property name="user.name" value="karthit"/>
    <property name="stdout.encoding" value="UTF-8"/>
    <property name="path.separator" value=":"/>
    <property name="os.version" value="14.2.1"/>
    <property name="java.runtime.name" value="OpenJDK Runtime Environment"/>
    <property name="file.encoding" value="UTF-8"/>
    <property name="java.vm.name" value="OpenJDK 64-Bit Server VM"/>
    <property name="java.vendor.version" value="Homebrew"/>
    <property name="localRepository" value="/Users/karthit/.m2/repository"/>
    <property name="java.vendor.url.bug" value="https://github.com/Homebrew/homebrew-core/issues"/>
    <property name="java.io.tmpdir" value="/var/folders/w7/36sl16ms0hzd1hhhz8yqc6yr00fp19/T/"/>
    <property name="java.version" value="20.0.1"/>
    <property name="user.dir" value="/Users/karthit/code/gcp/ossrelease/spanner-data-validator/spanner-data-validator-java"/>
    <property name="os.arch" value="aarch64"/>
    <property name="java.vm.specification.name" value="Java Virtual Machine Specification"/>
    <property name="native.encoding" value="UTF-8"/>
    <property name="java.library.path" value="/Users/karthit/Library/Java/Extensions:/Library/Java/Extensions:/Network/Library/Java/Extensions:/System/Library/Java/Extensions:/usr/lib/java:."/>
    <property name="java.vm.info" value="mixed mode, sharing"/>
    <property name="stderr.encoding" value="UTF-8"/>
    <property name="java.vendor" value="Homebrew"/>
    <property name="java.vm.version" value="20.0.1"/>
    <property name="sun.io.unicode.encoding" value="UnicodeBig"/>
    <property name="socksNonProxyHosts" value="local|*.local|169.254/16|*.169.254/16"/>
    <property name="java.class.version" value="64.0"/>
  </properties>
  <testcase name="lowNumberTest" classname="com.google.BigIntUUIDTest" time="0.011"/>
  <testcase name="uuidToBigIntTest" classname="com.google.BigIntUUIDTest" time="0.015">
    <system-out><![CDATA[Orig: 43ca4481-bf50-4640-9168-3d1b7291c721. Bigint: 90108509166508094017375803051701552929. Converted: 43ca4481-bf50-4640-9168-3d1b7291c721
]]></system-out>
  </testcase>
  <testcase name="zeroTest" classname="com.google.BigIntUUIDTest" time="0.01"/>
  <testcase name="maxUUIDTest" classname="com.google.BigIntUUIDTest" time="0.01">
    <system-out><![CDATA[Big int max: 340282366920938463463374607431768211455. UUID max: ffffffff-ffff-ffff-ffff-ffffffffffff
]]></system-out>
  </testcase>
  <testcase name="longMaxPlusTest" classname="com.google.BigIntUUIDTest" time="0.01"/>
  <testcase name="oneTest" classname="com.google.BigIntUUIDTest" time="0.01"/>
  <testcase name="inRangeTestTest" classname="com.google.BigIntUUIDTest" time="0.011"/>
  <testcase name="longMaxTest" classname="com.google.BigIntUUIDTest" time="0.01"/>
</testsuite>